<?xml version="1.0" encoding="UTF-8"?>
<testsuite xmlns:xsi="http://www.w3.org/2001/XMLSchema-instance" xsi:noNamespaceSchemaLocation="https://maven.apache.org/surefire/maven-failsafe-plugin/xsd/failsafe-test-report.xsd" version="3.0.2" name="com.example.iamservice.it.UserApiIT" time="6.558" tests="11" errors="0" skipped="0" failures="0">
  <properties>
[...]
</properties>
  <testcase name="listUsers" classname="com.example.iamservice.it.UserApiIT" time="0.649">
    <system-out><![CDATA[18:32:19.840 [main] INFO org.springframework.test.context.support.AnnotationConfigContextLoaderUtils -- Could not detect default configuration classes for test class [com.example.iamservice.it.UserApiIT]: UserApiIT does not declare any static, non-private, non-final, nested classes annotated with @Configuration.
18:32:19.913 [main] INFO org.springframework.boot.test.context.SpringBootTestContextBootstrapper -- Found @SpringBootConfiguration com.example.iamservice.IamServiceApplication for test class com.example.iamservice.it.UserApiIT
18:32:19.989 [main] INFO org.testcontainers.images.PullPolicy -- Image pull policy will be performed by: DefaultPullPolicy()
18:32:19.992 [main] INFO org.testcontainers.utility.ImageNameSubstitutor -- Image name substitution will be performed by: DefaultImageNameSubstitutor (composite of 'ConfigurationFileImageNameSubstitutor' and 'PrefixingImageNameSubstitutor')
18:32:20.008 [main] INFO org.testcontainers.DockerClientFactory -- Testcontainers version: 1.21.4
18:32:20.091 [main] INFO org.testcontainers.dockerclient.DockerClientProviderStrategy -- Loaded org.testcontainers.dockerclient.UnixSocketClientProviderStrategy from ~/.testcontainers.properties, will try it first
18:32:20.274 [main] INFO org.testcontainers.dockerclient.DockerClientProviderStrategy -- Found Docker environment with local Unix socket (unix:///var/run/docker.sock)
18:32:20.284 [main] INFO org.testcontainers.DockerClientFactory -- Docker host IP address is 172.18.0.1
18:32:20.295 [main] INFO org.testcontainers.DockerClientFactory -- Connected to docker: 
  Server Version: 29.8.0
  API Version: 1.56
  Operating System: Ubuntu 26.04 LTS
  Total Memory: 126050 MB
18:32:20.336 [main] INFO tc.testcontainers/ryuk:0.12.0 -- Creating container for image: testcontainers/ryuk:0.12.0
18:32:20.340 [main] INFO org.testcontainers.utility.RegistryAuthLocator -- Failure when attempting to lookup auth config. Please ignore if you don't have images in an authenticated registry. Details: (dockerImageName: testcontainers/ryuk:0.12.0, configFile: /root/.docker/config.json, configEnv: DOCKER_AUTH_CONFIG). Falling back to docker-java default behaviour. Exception message: Status 404: No config supplied. Checked in order: /root/.docker/config.json (file not found), DOCKER_AUTH_CONFIG (not set)
18:32:20.506 [main] INFO tc.testcontainers/ryuk:0.12.0 -- Container testcontainers/ryuk:0.12.0 is starting: dd38870a6a8fd1871a7cb34e5d62176972bb761a6d7d2d18586338684c3d3d25
18:32:20.695 [main] INFO tc.testcontainers/ryuk:0.12.0 -- Container testcontainers/ryuk:0.12.0 started in PT0.359143554S
18:32:20.699 [main] INFO org.testcontainers.utility.RyukResourceReaper -- Ryuk started - will monitor and terminate Testcontainers containers on JVM exit
18:32:20.699 [main] INFO org.testcontainers.DockerClientFactory -- Checking the system...
18:32:20.699 [main] INFO org.testcontainers.DockerClientFactory -- ✔︎ Docker server version should be at least 1.6.0
18:32:20.700 [main] INFO tc.postgres:16 -- Creating container for image: postgres:16
18:32:20.737 [main] INFO tc.postgres:16 -- Container postgres:16 is starting: 0c3a923a30f64c368de0a9173bf62d5eae490bac52e0524e33d9811143356f01
18:32:21.673 [main] INFO tc.postgres:16 -- Container postgres:16 started in PT0.972778229S
18:32:21.673 [main] INFO tc.postgres:16 -- Container is started (JDBC URL: jdbc:postgresql://172.18.0.1:32771/iam_test?loggerLevel=OFF)

  .   ____          _            __ _ _
 /\\ / ___'_ __ _ _(_)_ __  __ _ \ \ \ \
( ( )\___ | '_ | '_| | '_ \/ _` | \ \ \ \
 \\/  ___)| |_)| | | | | || (_| |  ) ) ) )
  '  |____| .__|_| |_|_| |_\__, | / / / /
 =========|_|==============|___/=/_/_/_/

 :: Spring Boot ::                (v3.4.1)

2026-09-09T18:32:21.913Z  INFO 1441 --- [iam-server] [           main] com.example.iamservice.it.UserApiIT      : Starting UserApiIT using Java 25.0.4 with PID 1441 (started by root in /data/iam-server)
2026-09-09T18:32:21.914Z  INFO 1441 --- [iam-server] [           main] com.example.iamservice.it.UserApiIT      : No active profile set, falling back to 1 default profile: "default"
2026-09-09T18:32:22.990Z  INFO 1441 --- [iam-server] [           main] com.zaxxer.hikari.HikariDataSource       : HikariPool-1 - Starting...
2026-09-09T18:32:23.077Z  INFO 1441 --- [iam-server] [           main] com.zaxxer.hikari.pool.HikariPool        : HikariPool-1 - Added connection org.postgresql.jdbc.PgConnection@75c77add
2026-09-09T18:32:23.078Z  INFO 1441 --- [iam-server] [           main] com.zaxxer.hikari.HikariDataSource       : HikariPool-1 - Start completed.
2026-09-09T18:32:23.096Z  INFO 1441 --- [iam-server] [           main] org.flywaydb.core.FlywayExecutor         : Database: jdbc:postgresql://172.18.0.1:32771/iam_test?loggerLevel=OFF (PostgreSQL 16.15)
2026-09-09T18:32:23.116Z  INFO 1441 --- [iam-server] [           main] o.f.c.i.s.JdbcTableSchemaHistory         : Schema history table "public"."flyway_schema_history" does not exist yet
2026-09-09T18:32:23.118Z  INFO 1441 --- [iam-server] [           main] o.f.core.internal.command.DbValidate     : Successfully validated 1 migration (execution time 00:00.009s)
2026-09-09T18:32:23.126Z  INFO 1441 --- [iam-server] [           main] o.f.c.i.s.JdbcTableSchemaHistory         : Creating Schema History table "public"."flyway_schema_history" ...
2026-09-09T18:32:23.158Z  INFO 1441 --- [iam-server] [           main] o.f.core.internal.command.DbMigrate      : Current version of schema "public": << Empty Schema >>
2026-09-09T18:32:23.166Z  INFO 1441 --- [iam-server] [           main] o.f.core.internal.command.DbMigrate      : Migrating schema "public" to version "1 - init schema"
2026-09-09T18:32:23.185Z  INFO 1441 --- [iam-server] [           main] o.f.core.internal.command.DbMigrate      : Successfully applied 1 migration to schema "public", now at version v1 (execution time 00:00.010s)
2026-09-09T18:32:24.374Z  INFO 1441 --- [iam-server] [           main] o.s.b.t.m.w.SpringBootMockServletContext : Initializing Spring TestDispatcherServlet ''
2026-09-09T18:32:24.374Z  INFO 1441 --- [iam-server] [           main] o.s.t.web.servlet.TestDispatcherServlet  : Initializing Servlet ''
2026-09-09T18:32:24.382Z  INFO 1441 --- [iam-server] [           main] o.s.b.a.e.web.EndpointLinksResolver      : Exposing 3 endpoints beneath base path '/actuator'
2026-09-09T18:32:24.396Z  INFO 1441 --- [iam-server] [           main] o.s.t.web.servlet.TestDispatcherServlet  : Completed initialization in 21 ms
2026-09-09T18:32:24.479Z  INFO 1441 --- [iam-server] [           main] com.example.iamservice.it.UserApiIT      : Started UserApiIT in 2.728 seconds (process running for 5.146)
2026-09-09T18:32:24.748Z  INFO 1441 --- [iam-server] [           main] org.jooq.Constants                       : 
                                      
@@@@@@@@@@@@@@@@@@@@@@@@@@@@@@@@@@@@@@
@@@@@@@@@@@@@@@@@@@@@@@@@@@@@@@@@@@@@@
@@@@@@@@@@@@@@@@  @@        @@@@@@@@@@
@@@@@@@@@@@@@@@@@@@@        @@@@@@@@@@
@@@@@@@@@@@@@@@@  @@  @@    @@@@@@@@@@
@@@@@@@@@@  @@@@  @@  @@    @@@@@@@@@@
@@@@@@@@@@        @@        @@@@@@@@@@
@@@@@@@@@@@@@@@@@@@@@@@@@@@@@@@@@@@@@@
@@@@@@@@@@@@@@@@@@@@@@@@@@@@@@@@@@@@@@
@@@@@@@@@@        @@        @@@@@@@@@@
@@@@@@@@@@    @@  @@  @@@@  @@@@@@@@@@
@@@@@@@@@@    @@  @@  @@@@  @@@@@@@@@@
@@@@@@@@@@        @@  @  @  @@@@@@@@@@
@@@@@@@@@@        @@        @@@@@@@@@@
@@@@@@@@@@@@@@@@@@@@@@@  @@@@@@@@@@@@@
@@@@@@@@@@@@@@@@@@@@@@@@@@@@@@@@@@@@@@
@@@@@@@@@@@@@@@@@@@@@@@@@@@@@@@@@@@@@@  Thank you for using jOOQ 3.19.8 (Build date: 2024-05-02T06:58:03Z)
                                      
2026-09-09T18:32:24.748Z  INFO 1441 --- [iam-server] [           main] org.jooq.Constants                       : 

jOOQ tip of the day: Want to aggregate multiple values per group? Use the synthetic MULTISET_AGG aggregate function! https://www.jooq.org/doc/latest/manual/sql-building/column-expressions/aggregate-functions/multiset-agg-function/

2026-09-09T18:32:24.767Z  INFO 1441 --- [iam-server] [           main] o.j.i.D.logVersionSupport                : Version                  : Database version is supported by dialect POSTGRES: 16.15 (Debian 16.15-1.pgdg13+2)
2026-09-09T18:32:24.783Z  INFO 1441 --- [iam-server] [           main] c.e.i.initialization.DataInitializer     : Initializing database with default permissions and admin user...
2026-09-09T18:32:24.879Z  INFO 1441 --- [iam-server] [           main] c.e.i.initialization.DataInitializer     : Data initialization complete. Admin user: admin@example.com
]]></system-out>
    <system-err><![CDATA[Mockito is currently self-attaching to enable the inline-mock-maker. This will no longer work in future releases of the JDK. Please add Mockito as an agent to your build what is described in Mockito's documentation: https://javadoc.io/doc/org.mockito/mockito-core/latest/org/mockito/Mockito.html#0.3
WARNING: A Java agent has been loaded dynamically (/root/.m2/repository/net/bytebuddy/byte-buddy-agent/1.15.11/byte-buddy-agent-1.15.11.jar)
WARNING: If a serviceability tool is in use, please run with -XX:+EnableDynamicAgentLoading to hide this warning
WARNING: If a serviceability tool is not in use, please run with -Djdk.instrument.traceUsage for more information
WARNING: Dynamic loading of agents will be disallowed by default in a future release
]]></system-err>
  </testcase>
  <testcase name="listUsersWithoutToken" classname="com.example.iamservice.it.UserApiIT" time="0.018"/>
  <testcase name="createUser" classname="com.example.iamservice.it.UserApiIT" time="0.124"/>
  <testcase name="createUserWithBlankEmail" classname="com.example.iamservice.it.UserApiIT" time="0.068"/>
  <testcase name="createUserWithBlankPassword" classname="com.example.iamservice.it.UserApiIT" time="0.062"/>
  <testcase name="createUserWithDuplicateEmail" classname="com.example.iamservice.it.UserApiIT" time="0.064"/>
  <testcase name="activateUser" classname="com.example.iamservice.it.UserApiIT" time="0.087"/>
  <testcase name="activateNonexistentUser" classname="com.example.iamservice.it.UserApiIT" time="0.066"/>
  <testcase name="lastAdminCannotBeRemoved" classname="com.example.iamservice.it.UserApiIT" time="0.085"/>
  <testcase name="lastAdminCannotBeDeactivated" classname="com.example.iamservice.it.UserApiIT" time="0.066"/>
  <testcase name="removeUser" classname="com.example.iamservice.it.UserApiIT" time="0.127"/>
</testsuite>